<?xml version="1.0" encoding="UTF-8"?>
<testng-results skipped="0" failed="0" total="1" passed="1">
  <reporter-output>
  </reporter-output>
  <suite name="ListnersPractice" duration-ms="63" started-at="2018-03-29T08:41:13Z" finished-at="2018-03-29T08:41:13Z">
    <groups>
    </groups>
    <test name="test" duration-ms="63" started-at="2018-03-29T08:41:13Z" finished-at="2018-03-29T08:41:13Z">
      <class name="Listeners.ListnerClass1">
        <test-method status="PASS" signature="test1()[pri:0, instance:Listeners.ListnerClass1@51efea79]" name="test1" duration-ms="25" started-at="2018-03-29T14:11:13Z" finished-at="2018-03-29T14:11:13Z">
          <reporter-output>
          </reporter-output>
        </test-method> <!-- test1 -->
      </class> <!-- Listeners.ListnerClass1 -->
    </test> <!-- test -->
  </suite> <!-- ListnersPractice -->
</testng-results>
